This file contains any messages produced by compilers while
running configure, to aid debugging if configure makes a mistake.

It was created by KLEE configure 1.0.0, which was
generated by GNU Autoconf 2.69.  Invocation command line was

  $ ./configure --with-uclibc=/home/ivan/Workspaces/klee-uclibc --with-llvm=/home/ivan/Workspaces/llvm-3.4 --enable-posix-runtime

## --------- ##
## Platform. ##
## --------- ##

hostname = HP-ProDesk-Ivan
uname -m = x86_64
uname -r = 3.16.0-4-amd64
uname -s = Linux
uname -v = #1 SMP Debian 3.16.36-1+deb8u2 (2016-10-19)

/usr/bin/uname -p = unknown
/bin/uname -X     = unknown

/bin/arch              = unknown
/usr/bin/arch -k       = unknown
/usr/convex/getsysinfo = unknown
/usr/bin/hostinfo      = unknown
/bin/machine           = unknown
/usr/bin/oslevel       = unknown
/bin/universe          = unknown

PATH: /home/ivan/opt/bin
PATH: /usr/local/bin
PATH: /usr/bin
PATH: /bin
PATH: /usr/local/games
PATH: /usr/games


## ----------- ##
## Core tests. ##
## ----------- ##

configure:2578: checking for C compiler version
configure:2587: gcc --version >&5
gcc (Debian 4.9.2-10) 4.9.2
Copyright (C) 2014 Free Software Foundation, Inc.
This is free software; see the source for copying conditions.  There is NO
warranty; not even for MERCHANTABILITY or FITNESS FOR A PARTICULAR PURPOSE.

configure:2598: $? = 0
configure:2587: gcc -v >&5
Using built-in specs.
COLLECT_GCC=gcc
COLLECT_LTO_WRAPPER=/usr/lib/gcc/x86_64-linux-gnu/4.9/lto-wrapper
Target: x86_64-linux-gnu
Configured with: ../src/configure -v --with-pkgversion='Debian 4.9.2-10' --with-bugurl=file:///usr/share/doc/gcc-4.9/README.Bugs --enable-languages=c,c++,java,go,d,fortran,objc,obj-c++ --prefix=/usr --program-suffix=-4.9 --enable-shared --enable-linker-build-id --libexecdir=/usr/lib --without-included-gettext --enable-threads=posix --with-gxx-include-dir=/usr/include/c++/4.9 --libdir=/usr/lib --enable-nls --with-sysroot=/ --enable-clocale=gnu --enable-libstdcxx-debug --enable-libstdcxx-time=yes --enable-gnu-unique-object --disable-vtable-verify --enable-plugin --with-system-zlib --disable-browser-plugin --enable-java-awt=gtk --enable-gtk-cairo --with-java-home=/usr/lib/jvm/java-1.5.0-gcj-4.9-amd64/jre --enable-java-home --with-jvm-root-dir=/usr/lib/jvm/java-1.5.0-gcj-4.9-amd64 --with-jvm-jar-dir=/usr/lib/jvm-exports/java-1.5.0-gcj-4.9-amd64 --with-arch-directory=amd64 --with-ecj-jar=/usr/share/java/eclipse-ecj.jar --enable-objc-gc --enable-multiarch --with-arch-32=i586 --with-abi=m64 --with-multilib-list=m32,m64,mx32 --enable-multilib --with-tune=generic --enable-checking=release --build=x86_64-linux-gnu --host=x86_64-linux-gnu --target=x86_64-linux-gnu
Thread model: posix
gcc version 4.9.2 (Debian 4.9.2-10) 
configure:2598: $? = 0
configure:2587: gcc -V >&5
gcc: error: unrecognized command line option '-V'
gcc: fatal error: no input files
compilation terminated.
configure:2598: $? = 4
configure:2587: gcc -qversion >&5
gcc: error: unrecognized command line option '-qversion'
gcc: fatal error: no input files
compilation terminated.
configure:2598: $? = 4
configure:2618: checking whether the C compiler works
configure:2640: gcc    conftest.c  >&5
configure:2644: $? = 0
configure:2692: result: yes
configure:2695: checking for C compiler default output file name
configure:2697: result: a.out
configure:2703: checking for suffix of executables
configure:2710: gcc -o conftest    conftest.c  >&5
configure:2714: $? = 0
configure:2736: result: 
configure:2758: checking whether we are cross compiling
configure:2766: gcc -o conftest    conftest.c  >&5
configure:2770: $? = 0
configure:2777: ./conftest
configure:2781: $? = 0
configure:2796: result: no
configure:2801: checking for suffix of object files
configure:2823: gcc -c   conftest.c >&5
configure:2827: $? = 0
configure:2848: result: o
configure:2852: checking whether we are using the GNU C compiler
configure:2871: gcc -c   conftest.c >&5
configure:2871: $? = 0
configure:2880: result: yes
configure:2889: checking whether gcc accepts -g
configure:2909: gcc -c -g  conftest.c >&5
configure:2909: $? = 0
configure:2950: result: yes
configure:2967: checking for gcc option to accept ISO C89
configure:3030: gcc  -c -g -O2  conftest.c >&5
configure:3030: $? = 0
configure:3043: result: none needed
configure:3175: checking for C++ compiler version
configure:3184: g++ --version >&5
g++ (Debian 4.9.2-10) 4.9.2
Copyright (C) 2014 Free Software Foundation, Inc.
This is free software; see the source for copying conditions.  There is NO
warranty; not even for MERCHANTABILITY or FITNESS FOR A PARTICULAR PURPOSE.

configure:3195: $? = 0
configure:3184: g++ -v >&5
Using built-in specs.
COLLECT_GCC=g++
COLLECT_LTO_WRAPPER=/usr/lib/gcc/x86_64-linux-gnu/4.9/lto-wrapper
Target: x86_64-linux-gnu
Configured with: ../src/configure -v --with-pkgversion='Debian 4.9.2-10' --with-bugurl=file:///usr/share/doc/gcc-4.9/README.Bugs --enable-languages=c,c++,java,go,d,fortran,objc,obj-c++ --prefix=/usr --program-suffix=-4.9 --enable-shared --enable-linker-build-id --libexecdir=/usr/lib --without-included-gettext --enable-threads=posix --with-gxx-include-dir=/usr/include/c++/4.9 --libdir=/usr/lib --enable-nls --with-sysroot=/ --enable-clocale=gnu --enable-libstdcxx-debug --enable-libstdcxx-time=yes --enable-gnu-unique-object --disable-vtable-verify --enable-plugin --with-system-zlib --disable-browser-plugin --enable-java-awt=gtk --enable-gtk-cairo --with-java-home=/usr/lib/jvm/java-1.5.0-gcj-4.9-amd64/jre --enable-java-home --with-jvm-root-dir=/usr/lib/jvm/java-1.5.0-gcj-4.9-amd64 --with-jvm-jar-dir=/usr/lib/jvm-exports/java-1.5.0-gcj-4.9-amd64 --with-arch-directory=amd64 --with-ecj-jar=/usr/share/java/eclipse-ecj.jar --enable-objc-gc --enable-multiarch --with-arch-32=i586 --with-abi=m64 --with-multilib-list=m32,m64,mx32 --enable-multilib --with-tune=generic --enable-checking=release --build=x86_64-linux-gnu --host=x86_64-linux-gnu --target=x86_64-linux-gnu
Thread model: posix
gcc version 4.9.2 (Debian 4.9.2-10) 
configure:3195: $? = 0
configure:3184: g++ -V >&5
g++: error: unrecognized command line option '-V'
g++: fatal error: no input files
compilation terminated.
configure:3195: $? = 4
configure:3184: g++ -qversion >&5
g++: error: unrecognized command line option '-qversion'
g++: fatal error: no input files
compilation terminated.
configure:3195: $? = 4
configure:3199: checking whether we are using the GNU C++ compiler
configure:3218: g++ -c   conftest.cpp >&5
configure:3218: $? = 0
configure:3227: result: yes
configure:3236: checking whether g++ accepts -g
configure:3256: g++ -c -g  conftest.cpp >&5
configure:3256: $? = 0
configure:3297: result: yes
configure:3336: checking build system type
configure:3350: result: x86_64-unknown-linux-gnu
configure:3370: checking host system type
configure:3383: result: x86_64-unknown-linux-gnu
configure:3403: checking target system type
configure:3416: result: x86_64-unknown-linux-gnu
configure:3443: checking type of operating system we're going to host on
configure:3455: result: 
configure:3466: checking llvm source dir
configure:3507: result: /home/ivan/Workspaces/llvm-3.4
configure:3510: checking llvm obj dir
configure:3512: result: /home/ivan/Workspaces/llvm-3.4
configure:3520: checking llvm package version
configure:3523: result: 3.4.2
configure:3528: checking llvm version major
configure:3531: result: 3
configure:3534: checking llvm version minor
configure:3537: result: 4
configure:3540: checking llvm is release version
configure:3548: result: 1
configure:3589: checking if LLVM needs C++11
configure:3596: result: no
configure:3638: checking llvm build mode
configure:3657: result: Release+Asserts
configure:3662: checking llvm has asserts enabled
configure:3674: result: 1
configure:3678: checking LLVM Bitcode compiler
configure:3709: result: Found clang in LLVM Build
configure:3925: result: Using C llvm compiler : /home/ivan/Workspaces/llvm-3.4/Release+Asserts/bin/clang
configure:3927: result: Using C++ llvm compiler : /home/ivan/Workspaces/llvm-3.4/Release+Asserts/bin/clang++
configure:3933: checking C LLVM Bitcode compiler works
configure:3955: result: Success
configure:3933: checking CXX LLVM Bitcode compiler works
configure:3955: result: Success
configure:3986: checking uclibc
configure:4010: result: /home/ivan/Workspaces/klee-uclibc/lib/libc.a
configure:4035: checking POSIX runtime
configure:4054: result: yes
configure:4083: checking runtime configuration
configure:4095: result: Release+Asserts
configure:4156: checking how to run the C preprocessor
configure:4187: gcc -E  conftest.c
configure:4187: $? = 0
configure:4201: gcc -E  conftest.c
conftest.c:16:28: fatal error: ac_nonexistent.h: No such file or directory
 #include <ac_nonexistent.h>
                            ^
compilation terminated.
configure:4201: $? = 1
configure: failed program was:
| /* confdefs.h */
| #define PACKAGE_NAME "KLEE"
| #define PACKAGE_TARNAME "klee-"
| #define PACKAGE_VERSION "1.0.0"
| #define PACKAGE_STRING "KLEE 1.0.0"
| #define PACKAGE_BUGREPORT "klee-dev@imperial.ac.uk"
| #define PACKAGE_URL "https://klee.github.io"
| #define LLVM_VERSION_MAJOR 3
| #define LLVM_VERSION_MINOR 4
| #define LLVM_IS_RELEASE 1
| #define ENABLE_KLEE_DEBUG 1
| #define SUPPORT_KLEE_UCLIBC 1
| #define RUNTIME_CONFIGURATION "Release+Asserts"
| #define HAVE_CTYPE_EXTERNALS 1
| /* end confdefs.h.  */
| #include <ac_nonexistent.h>
configure:4226: result: gcc -E
configure:4246: gcc -E  conftest.c
configure:4246: $? = 0
configure:4260: gcc -E  conftest.c
conftest.c:16:28: fatal error: ac_nonexistent.h: No such file or directory
 #include <ac_nonexistent.h>
                            ^
compilation terminated.
configure:4260: $? = 1
configure: failed program was:
| /* confdefs.h */
| #define PACKAGE_NAME "KLEE"
| #define PACKAGE_TARNAME "klee-"
| #define PACKAGE_VERSION "1.0.0"
| #define PACKAGE_STRING "KLEE 1.0.0"
| #define PACKAGE_BUGREPORT "klee-dev@imperial.ac.uk"
| #define PACKAGE_URL "https://klee.github.io"
| #define LLVM_VERSION_MAJOR 3
| #define LLVM_VERSION_MINOR 4
| #define LLVM_IS_RELEASE 1
| #define ENABLE_KLEE_DEBUG 1
| #define SUPPORT_KLEE_UCLIBC 1
| #define RUNTIME_CONFIGURATION "Release+Asserts"
| #define HAVE_CTYPE_EXTERNALS 1
| /* end confdefs.h.  */
| #include <ac_nonexistent.h>
configure:4289: checking for grep that handles long lines and -e
configure:4347: result: /bin/grep
configure:4352: checking for egrep
configure:4414: result: /bin/grep -E
configure:4419: checking for ANSI C header files
configure:4439: gcc -c -g -O2  conftest.c >&5
configure:4439: $? = 0
configure:4512: gcc -o conftest -g -O2   conftest.c  >&5
configure:4512: $? = 0
configure:4512: ./conftest
configure:4512: $? = 0
configure:4523: result: yes
configure:4536: checking for sys/types.h
configure:4536: gcc -c -g -O2  conftest.c >&5
configure:4536: $? = 0
configure:4536: result: yes
configure:4536: checking for sys/stat.h
configure:4536: gcc -c -g -O2  conftest.c >&5
configure:4536: $? = 0
configure:4536: result: yes
configure:4536: checking for stdlib.h
configure:4536: gcc -c -g -O2  conftest.c >&5
configure:4536: $? = 0
configure:4536: result: yes
configure:4536: checking for string.h
configure:4536: gcc -c -g -O2  conftest.c >&5
configure:4536: $? = 0
configure:4536: result: yes
configure:4536: checking for memory.h
configure:4536: gcc -c -g -O2  conftest.c >&5
configure:4536: $? = 0
configure:4536: result: yes
configure:4536: checking for strings.h
configure:4536: gcc -c -g -O2  conftest.c >&5
configure:4536: $? = 0
configure:4536: result: yes
configure:4536: checking for inttypes.h
configure:4536: gcc -c -g -O2  conftest.c >&5
configure:4536: $? = 0
configure:4536: result: yes
configure:4536: checking for stdint.h
configure:4536: gcc -c -g -O2  conftest.c >&5
configure:4536: $? = 0
configure:4536: result: yes
configure:4536: checking for unistd.h
configure:4536: gcc -c -g -O2  conftest.c >&5
configure:4536: $? = 0
configure:4536: result: yes
configure:4550: checking sys/acl.h usability
configure:4550: gcc -c -g -O2  conftest.c >&5
conftest.c:59:21: fatal error: sys/acl.h: No such file or directory
 #include <sys/acl.h>
                     ^
compilation terminated.
configure:4550: $? = 1
configure: failed program was:
| /* confdefs.h */
| #define PACKAGE_NAME "KLEE"
| #define PACKAGE_TARNAME "klee-"
| #define PACKAGE_VERSION "1.0.0"
| #define PACKAGE_STRING "KLEE 1.0.0"
| #define PACKAGE_BUGREPORT "klee-dev@imperial.ac.uk"
| #define PACKAGE_URL "https://klee.github.io"
| #define LLVM_VERSION_MAJOR 3
| #define LLVM_VERSION_MINOR 4
| #define LLVM_IS_RELEASE 1
| #define ENABLE_KLEE_DEBUG 1
| #define SUPPORT_KLEE_UCLIBC 1
| #define RUNTIME_CONFIGURATION "Release+Asserts"
| #define HAVE_CTYPE_EXTERNALS 1
| #define STDC_HEADERS 1
| #define HAVE_SYS_TYPES_H 1
| #define HAVE_SYS_STAT_H 1
| #define HAVE_STDLIB_H 1
| #define HAVE_STRING_H 1
| #define HAVE_MEMORY_H 1
| #define HAVE_STRINGS_H 1
| #define HAVE_INTTYPES_H 1
| #define HAVE_STDINT_H 1
| #define HAVE_UNISTD_H 1
| /* end confdefs.h.  */
| #include <stdio.h>
| #ifdef HAVE_SYS_TYPES_H
| # include <sys/types.h>
| #endif
| #ifdef HAVE_SYS_STAT_H
| # include <sys/stat.h>
| #endif
| #ifdef STDC_HEADERS
| # include <stdlib.h>
| # include <stddef.h>
| #else
| # ifdef HAVE_STDLIB_H
| #  include <stdlib.h>
| # endif
| #endif
| #ifdef HAVE_STRING_H
| # if !defined STDC_HEADERS && defined HAVE_MEMORY_H
| #  include <memory.h>
| # endif
| # include <string.h>
| #endif
| #ifdef HAVE_STRINGS_H
| # include <strings.h>
| #endif
| #ifdef HAVE_INTTYPES_H
| # include <inttypes.h>
| #endif
| #ifdef HAVE_STDINT_H
| # include <stdint.h>
| #endif
| #ifdef HAVE_UNISTD_H
| # include <unistd.h>
| #endif
| #include <sys/acl.h>
configure:4550: result: no
configure:4550: checking sys/acl.h presence
configure:4550: gcc -E  conftest.c
conftest.c:26:21: fatal error: sys/acl.h: No such file or directory
 #include <sys/acl.h>
                     ^
compilation terminated.
configure:4550: $? = 1
configure: failed program was:
| /* confdefs.h */
| #define PACKAGE_NAME "KLEE"
| #define PACKAGE_TARNAME "klee-"
| #define PACKAGE_VERSION "1.0.0"
| #define PACKAGE_STRING "KLEE 1.0.0"
| #define PACKAGE_BUGREPORT "klee-dev@imperial.ac.uk"
| #define PACKAGE_URL "https://klee.github.io"
| #define LLVM_VERSION_MAJOR 3
| #define LLVM_VERSION_MINOR 4
| #define LLVM_IS_RELEASE 1
| #define ENABLE_KLEE_DEBUG 1
| #define SUPPORT_KLEE_UCLIBC 1
| #define RUNTIME_CONFIGURATION "Release+Asserts"
| #define HAVE_CTYPE_EXTERNALS 1
| #define STDC_HEADERS 1
| #define HAVE_SYS_TYPES_H 1
| #define HAVE_SYS_STAT_H 1
| #define HAVE_STDLIB_H 1
| #define HAVE_STRING_H 1
| #define HAVE_MEMORY_H 1
| #define HAVE_STRINGS_H 1
| #define HAVE_INTTYPES_H 1
| #define HAVE_STDINT_H 1
| #define HAVE_UNISTD_H 1
| /* end confdefs.h.  */
| #include <sys/acl.h>
configure:4550: result: no
configure:4550: checking for sys/acl.h
configure:4550: result: no
configure:4561: checking for cap_get_proc in -lcap
configure:4586: gcc -o conftest -g -O2   conftest.c -lcap   >&5
configure:4586: $? = 0
configure:4595: result: yes
configure:4606: checking sys/capability.h usability
configure:4606: gcc -c -g -O2  conftest.c >&5
configure:4606: $? = 0
configure:4606: result: yes
configure:4606: checking sys/capability.h presence
configure:4606: gcc -E  conftest.c
configure:4606: $? = 0
configure:4606: result: yes
configure:4606: checking for sys/capability.h
configure:4606: result: yes
configure:4638: checking how to run the C++ preprocessor
configure:4665: g++ -E  conftest.cpp
configure:4665: $? = 0
configure:4679: g++ -E  conftest.cpp
conftest.cpp:27:28: fatal error: ac_nonexistent.h: No such file or directory
 #include <ac_nonexistent.h>
                            ^
compilation terminated.
configure:4679: $? = 1
configure: failed program was:
| /* confdefs.h */
| #define PACKAGE_NAME "KLEE"
| #define PACKAGE_TARNAME "klee-"
| #define PACKAGE_VERSION "1.0.0"
| #define PACKAGE_STRING "KLEE 1.0.0"
| #define PACKAGE_BUGREPORT "klee-dev@imperial.ac.uk"
| #define PACKAGE_URL "https://klee.github.io"
| #define LLVM_VERSION_MAJOR 3
| #define LLVM_VERSION_MINOR 4
| #define LLVM_IS_RELEASE 1
| #define ENABLE_KLEE_DEBUG 1
| #define SUPPORT_KLEE_UCLIBC 1
| #define RUNTIME_CONFIGURATION "Release+Asserts"
| #define HAVE_CTYPE_EXTERNALS 1
| #define STDC_HEADERS 1
| #define HAVE_SYS_TYPES_H 1
| #define HAVE_SYS_STAT_H 1
| #define HAVE_STDLIB_H 1
| #define HAVE_STRING_H 1
| #define HAVE_MEMORY_H 1
| #define HAVE_STRINGS_H 1
| #define HAVE_INTTYPES_H 1
| #define HAVE_STDINT_H 1
| #define HAVE_UNISTD_H 1
| #define HAVE_SYS_CAPABILITY_H 1
| /* end confdefs.h.  */
| #include <ac_nonexistent.h>
configure:4704: result: g++ -E
configure:4724: g++ -E  conftest.cpp
configure:4724: $? = 0
configure:4738: g++ -E  conftest.cpp
conftest.cpp:27:28: fatal error: ac_nonexistent.h: No such file or directory
 #include <ac_nonexistent.h>
                            ^
compilation terminated.
configure:4738: $? = 1
configure: failed program was:
| /* confdefs.h */
| #define PACKAGE_NAME "KLEE"
| #define PACKAGE_TARNAME "klee-"
| #define PACKAGE_VERSION "1.0.0"
| #define PACKAGE_STRING "KLEE 1.0.0"
| #define PACKAGE_BUGREPORT "klee-dev@imperial.ac.uk"
| #define PACKAGE_URL "https://klee.github.io"
| #define LLVM_VERSION_MAJOR 3
| #define LLVM_VERSION_MINOR 4
| #define LLVM_IS_RELEASE 1
| #define ENABLE_KLEE_DEBUG 1
| #define SUPPORT_KLEE_UCLIBC 1
| #define RUNTIME_CONFIGURATION "Release+Asserts"
| #define HAVE_CTYPE_EXTERNALS 1
| #define STDC_HEADERS 1
| #define HAVE_SYS_TYPES_H 1
| #define HAVE_SYS_STAT_H 1
| #define HAVE_STDLIB_H 1
| #define HAVE_STRING_H 1
| #define HAVE_MEMORY_H 1
| #define HAVE_STRINGS_H 1
| #define HAVE_INTTYPES_H 1
| #define HAVE_STDINT_H 1
| #define HAVE_UNISTD_H 1
| #define HAVE_SYS_CAPABILITY_H 1
| /* end confdefs.h.  */
| #include <ac_nonexistent.h>
configure:4769: checking selinux/selinux.h usability
configure:4769: g++ -c -g -O2  conftest.cpp >&5
conftest.cpp:60:29: fatal error: selinux/selinux.h: No such file or directory
 #include <selinux/selinux.h>
                             ^
compilation terminated.
configure:4769: $? = 1
configure: failed program was:
| /* confdefs.h */
| #define PACKAGE_NAME "KLEE"
| #define PACKAGE_TARNAME "klee-"
| #define PACKAGE_VERSION "1.0.0"
| #define PACKAGE_STRING "KLEE 1.0.0"
| #define PACKAGE_BUGREPORT "klee-dev@imperial.ac.uk"
| #define PACKAGE_URL "https://klee.github.io"
| #define LLVM_VERSION_MAJOR 3
| #define LLVM_VERSION_MINOR 4
| #define LLVM_IS_RELEASE 1
| #define ENABLE_KLEE_DEBUG 1
| #define SUPPORT_KLEE_UCLIBC 1
| #define RUNTIME_CONFIGURATION "Release+Asserts"
| #define HAVE_CTYPE_EXTERNALS 1
| #define STDC_HEADERS 1
| #define HAVE_SYS_TYPES_H 1
| #define HAVE_SYS_STAT_H 1
| #define HAVE_STDLIB_H 1
| #define HAVE_STRING_H 1
| #define HAVE_MEMORY_H 1
| #define HAVE_STRINGS_H 1
| #define HAVE_INTTYPES_H 1
| #define HAVE_STDINT_H 1
| #define HAVE_UNISTD_H 1
| #define HAVE_SYS_CAPABILITY_H 1
| /* end confdefs.h.  */
| #include <stdio.h>
| #ifdef HAVE_SYS_TYPES_H
| # include <sys/types.h>
| #endif
| #ifdef HAVE_SYS_STAT_H
| # include <sys/stat.h>
| #endif
| #ifdef STDC_HEADERS
| # include <stdlib.h>
| # include <stddef.h>
| #else
| # ifdef HAVE_STDLIB_H
| #  include <stdlib.h>
| # endif
| #endif
| #ifdef HAVE_STRING_H
| # if !defined STDC_HEADERS && defined HAVE_MEMORY_H
| #  include <memory.h>
| # endif
| # include <string.h>
| #endif
| #ifdef HAVE_STRINGS_H
| # include <strings.h>
| #endif
| #ifdef HAVE_INTTYPES_H
| # include <inttypes.h>
| #endif
| #ifdef HAVE_STDINT_H
| # include <stdint.h>
| #endif
| #ifdef HAVE_UNISTD_H
| # include <unistd.h>
| #endif
| #include <selinux/selinux.h>
configure:4769: result: no
configure:4769: checking selinux/selinux.h presence
configure:4769: g++ -E  conftest.cpp
conftest.cpp:27:29: fatal error: selinux/selinux.h: No such file or directory
 #include <selinux/selinux.h>
                             ^
compilation terminated.
configure:4769: $? = 1
configure: failed program was:
| /* confdefs.h */
| #define PACKAGE_NAME "KLEE"
| #define PACKAGE_TARNAME "klee-"
| #define PACKAGE_VERSION "1.0.0"
| #define PACKAGE_STRING "KLEE 1.0.0"
| #define PACKAGE_BUGREPORT "klee-dev@imperial.ac.uk"
| #define PACKAGE_URL "https://klee.github.io"
| #define LLVM_VERSION_MAJOR 3
| #define LLVM_VERSION_MINOR 4
| #define LLVM_IS_RELEASE 1
| #define ENABLE_KLEE_DEBUG 1
| #define SUPPORT_KLEE_UCLIBC 1
| #define RUNTIME_CONFIGURATION "Release+Asserts"
| #define HAVE_CTYPE_EXTERNALS 1
| #define STDC_HEADERS 1
| #define HAVE_SYS_TYPES_H 1
| #define HAVE_SYS_STAT_H 1
| #define HAVE_STDLIB_H 1
| #define HAVE_STRING_H 1
| #define HAVE_MEMORY_H 1
| #define HAVE_STRINGS_H 1
| #define HAVE_INTTYPES_H 1
| #define HAVE_STDINT_H 1
| #define HAVE_UNISTD_H 1
| #define HAVE_SYS_CAPABILITY_H 1
| /* end confdefs.h.  */
| #include <selinux/selinux.h>
configure:4769: result: no
configure:4769: checking for selinux/selinux.h
configure:4769: result: no
configure:4787: checking malloc/malloc.h usability
configure:4787: g++ -c -g -O2  conftest.cpp >&5
conftest.cpp:60:27: fatal error: malloc/malloc.h: No such file or directory
 #include <malloc/malloc.h>
                           ^
compilation terminated.
configure:4787: $? = 1
configure: failed program was:
| /* confdefs.h */
| #define PACKAGE_NAME "KLEE"
| #define PACKAGE_TARNAME "klee-"
| #define PACKAGE_VERSION "1.0.0"
| #define PACKAGE_STRING "KLEE 1.0.0"
| #define PACKAGE_BUGREPORT "klee-dev@imperial.ac.uk"
| #define PACKAGE_URL "https://klee.github.io"
| #define LLVM_VERSION_MAJOR 3
| #define LLVM_VERSION_MINOR 4
| #define LLVM_IS_RELEASE 1
| #define ENABLE_KLEE_DEBUG 1
| #define SUPPORT_KLEE_UCLIBC 1
| #define RUNTIME_CONFIGURATION "Release+Asserts"
| #define HAVE_CTYPE_EXTERNALS 1
| #define STDC_HEADERS 1
| #define HAVE_SYS_TYPES_H 1
| #define HAVE_SYS_STAT_H 1
| #define HAVE_STDLIB_H 1
| #define HAVE_STRING_H 1
| #define HAVE_MEMORY_H 1
| #define HAVE_STRINGS_H 1
| #define HAVE_INTTYPES_H 1
| #define HAVE_STDINT_H 1
| #define HAVE_UNISTD_H 1
| #define HAVE_SYS_CAPABILITY_H 1
| /* end confdefs.h.  */
| #include <stdio.h>
| #ifdef HAVE_SYS_TYPES_H
| # include <sys/types.h>
| #endif
| #ifdef HAVE_SYS_STAT_H
| # include <sys/stat.h>
| #endif
| #ifdef STDC_HEADERS
| # include <stdlib.h>
| # include <stddef.h>
| #else
| # ifdef HAVE_STDLIB_H
| #  include <stdlib.h>
| # endif
| #endif
| #ifdef HAVE_STRING_H
| # if !defined STDC_HEADERS && defined HAVE_MEMORY_H
| #  include <memory.h>
| # endif
| # include <string.h>
| #endif
| #ifdef HAVE_STRINGS_H
| # include <strings.h>
| #endif
| #ifdef HAVE_INTTYPES_H
| # include <inttypes.h>
| #endif
| #ifdef HAVE_STDINT_H
| # include <stdint.h>
| #endif
| #ifdef HAVE_UNISTD_H
| # include <unistd.h>
| #endif
| #include <malloc/malloc.h>
configure:4787: result: no
configure:4787: checking malloc/malloc.h presence
configure:4787: g++ -E  conftest.cpp
conftest.cpp:27:27: fatal error: malloc/malloc.h: No such file or directory
 #include <malloc/malloc.h>
                           ^
compilation terminated.
configure:4787: $? = 1
configure: failed program was:
| /* confdefs.h */
| #define PACKAGE_NAME "KLEE"
| #define PACKAGE_TARNAME "klee-"
| #define PACKAGE_VERSION "1.0.0"
| #define PACKAGE_STRING "KLEE 1.0.0"
| #define PACKAGE_BUGREPORT "klee-dev@imperial.ac.uk"
| #define PACKAGE_URL "https://klee.github.io"
| #define LLVM_VERSION_MAJOR 3
| #define LLVM_VERSION_MINOR 4
| #define LLVM_IS_RELEASE 1
| #define ENABLE_KLEE_DEBUG 1
| #define SUPPORT_KLEE_UCLIBC 1
| #define RUNTIME_CONFIGURATION "Release+Asserts"
| #define HAVE_CTYPE_EXTERNALS 1
| #define STDC_HEADERS 1
| #define HAVE_SYS_TYPES_H 1
| #define HAVE_SYS_STAT_H 1
| #define HAVE_STDLIB_H 1
| #define HAVE_STRING_H 1
| #define HAVE_MEMORY_H 1
| #define HAVE_STRINGS_H 1
| #define HAVE_INTTYPES_H 1
| #define HAVE_STDINT_H 1
| #define HAVE_UNISTD_H 1
| #define HAVE_SYS_CAPABILITY_H 1
| /* end confdefs.h.  */
| #include <malloc/malloc.h>
configure:4787: result: no
configure:4787: checking for malloc/malloc.h
configure:4787: result: no
configure:4799: checking for malloc_zone_statistics
configure:4799: g++ -o conftest -g -O2   conftest.cpp  >&5
/tmp/cc2HFSk5.o: In function `main':
/home/ivan/Workspaces/DrE-to-github-copy/conftest.cpp:61: undefined reference to `malloc_zone_statistics'
collect2: error: ld returned 1 exit status
configure:4799: $? = 1
configure: failed program was:
| /* confdefs.h */
| #define PACKAGE_NAME "KLEE"
| #define PACKAGE_TARNAME "klee-"
| #define PACKAGE_VERSION "1.0.0"
| #define PACKAGE_STRING "KLEE 1.0.0"
| #define PACKAGE_BUGREPORT "klee-dev@imperial.ac.uk"
| #define PACKAGE_URL "https://klee.github.io"
| #define LLVM_VERSION_MAJOR 3
| #define LLVM_VERSION_MINOR 4
| #define LLVM_IS_RELEASE 1
| #define ENABLE_KLEE_DEBUG 1
| #define SUPPORT_KLEE_UCLIBC 1
| #define RUNTIME_CONFIGURATION "Release+Asserts"
| #define HAVE_CTYPE_EXTERNALS 1
| #define STDC_HEADERS 1
| #define HAVE_SYS_TYPES_H 1
| #define HAVE_SYS_STAT_H 1
| #define HAVE_STDLIB_H 1
| #define HAVE_STRING_H 1
| #define HAVE_MEMORY_H 1
| #define HAVE_STRINGS_H 1
| #define HAVE_INTTYPES_H 1
| #define HAVE_STDINT_H 1
| #define HAVE_UNISTD_H 1
| #define HAVE_SYS_CAPABILITY_H 1
| /* end confdefs.h.  */
| /* Define malloc_zone_statistics to an innocuous variant, in case <limits.h> declares malloc_zone_statistics.
|    For example, HP-UX 11i <limits.h> declares gettimeofday.  */
| #define malloc_zone_statistics innocuous_malloc_zone_statistics
| 
| /* System header to define __stub macros and hopefully few prototypes,
|     which can conflict with char malloc_zone_statistics (); below.
|     Prefer <limits.h> to <assert.h> if __STDC__ is defined, since
|     <limits.h> exists even on freestanding compilers.  */
| 
| #ifdef __STDC__
| # include <limits.h>
| #else
| # include <assert.h>
| #endif
| 
| #undef malloc_zone_statistics
| 
| /* Override any GCC internal prototype to avoid an error.
|    Use char because int might match the return type of a GCC
|    builtin and then its argument prototype would still apply.  */
| #ifdef __cplusplus
| extern "C"
| #endif
| char malloc_zone_statistics ();
| /* The GNU C library defines this for functions which it implements
|     to always fail with ENOSYS.  Some functions are actually named
|     something starting with __ and the normal name is an alias.  */
| #if defined __stub_malloc_zone_statistics || defined __stub___malloc_zone_statistics
| choke me
| #endif
| 
| int
| main ()
| {
| return malloc_zone_statistics ();
|   ;
|   return 0;
| }
configure:4799: result: no
configure:4808: checking for library containing mallinfo
configure:4839: g++ -o conftest -g -O2   conftest.cpp  >&5
configure:4839: $? = 0
configure:4856: result: none required
configure:4891: checking stp/c_interface.h usability
configure:4891: g++ -c -g -O2   conftest.cpp >&5
configure:4891: $? = 0
configure:4891: result: yes
configure:4891: checking stp/c_interface.h presence
configure:4891: g++ -E   conftest.cpp
configure:4891: $? = 0
configure:4891: result: yes
configure:4891: checking for stp/c_interface.h
configure:4891: result: yes
configure:4904: checking for vc_setInterfaceFlags in -lstp
configure:4929: g++ -o conftest -g -O2   conftest.cpp -lstp   >&5
//usr/local/lib/libstp.a(RunTimes.cpp.o): In function `RunTimes::print()':
/home/ivan/Workspaces/stp/lib/AST/RunTimes.cpp:105: undefined reference to `Minisat::memUsed()'
//usr/local/lib/libstp.a(RunTimes.cpp.o): In function `RunTimes::getDifference()':
/home/ivan/Workspaces/stp/lib/AST/RunTimes.cpp:118: undefined reference to `Minisat::memUsed()'
//usr/local/lib/libstp.a(MinisatCore.cpp.o): In function `stp::MinisatCore::newVar()':
/home/ivan/Workspaces/stp/lib/Sat/MinisatCore.cpp:93: undefined reference to `Minisat::Solver::newVar(Minisat::lbool, bool)'
//usr/local/lib/libstp.a(MinisatCore.cpp.o): In function `stp::MinisatCore::solve(bool&)':
/home/ivan/Workspaces/stp/lib/Sat/MinisatCore.cpp:74: undefined reference to `Minisat::Solver::simplify()'
//usr/local/lib/libstp.a(MinisatCore.cpp.o): In function `Minisat::Solver::solveLimited(Minisat::vec<Minisat::Lit, int> const&)':
/usr/include/minisat/core/Solver.h:387: undefined reference to `Minisat::Solver::solve_()'
//usr/local/lib/libstp.a(MinisatCore.cpp.o): In function `stp::MinisatCore::MinisatCore()':
/home/ivan/Workspaces/stp/lib/Sat/MinisatCore.cpp:46: undefined reference to `Minisat::Solver::Solver()'
//usr/local/lib/libstp.a(MinisatCore.cpp.o): In function `stp::MinisatCore::simplify()':
/home/ivan/Workspaces/stp/lib/Sat/MinisatCore.cpp:123: undefined reference to `Minisat::Solver::simplify()'
//usr/local/lib/libstp.a(MinisatCore.cpp.o): In function `Minisat::Solver::addClause(Minisat::vec<Minisat::Lit, int> const&)':
/usr/include/minisat/core/Solver.h:337: undefined reference to `Minisat::Solver::addClause_(Minisat::vec<Minisat::Lit, int>&)'
//usr/local/lib/libstp.a(SimplifyingMinisat.cpp.o): In function `stp::SimplifyingMinisat::newVar()':
/home/ivan/Workspaces/stp/lib/Sat/SimplifyingMinisat.cpp:102: undefined reference to `Minisat::SimpSolver::newVar(Minisat::lbool, bool)'
//usr/local/lib/libstp.a(SimplifyingMinisat.cpp.o): In function `stp::SimplifyingMinisat::solve(bool&)':
/home/ivan/Workspaces/stp/lib/Sat/SimplifyingMinisat.cpp:68: undefined reference to `Minisat::Solver::simplify()'
//usr/local/lib/libstp.a(SimplifyingMinisat.cpp.o): In function `Minisat::SimpSolver::solveLimited(Minisat::vec<Minisat::Lit, int> const&, bool, bool)':
/usr/include/minisat/simp/SimpSolver.h:217: undefined reference to `Minisat::SimpSolver::solve_(bool, bool)'
//usr/local/lib/libstp.a(SimplifyingMinisat.cpp.o): In function `stp::SimplifyingMinisat::SimplifyingMinisat()':
/home/ivan/Workspaces/stp/lib/Sat/SimplifyingMinisat.cpp:40: undefined reference to `Minisat::SimpSolver::SimpSolver()'
//usr/local/lib/libstp.a(SimplifyingMinisat.cpp.o): In function `stp::SimplifyingMinisat::simplify()':
/home/ivan/Workspaces/stp/lib/Sat/SimplifyingMinisat.cpp:82: undefined reference to `Minisat::Solver::simplify()'
//usr/local/lib/libstp.a(SimplifyingMinisat.cpp.o): In function `Minisat::SimpSolver::addClause(Minisat::vec<Minisat::Lit, int> const&)':
/usr/include/minisat/simp/SimpSolver.h:186: undefined reference to `Minisat::SimpSolver::addClause_(Minisat::vec<Minisat::Lit, int>&)'
collect2: error: ld returned 1 exit status
configure:4929: $? = 1
configure: failed program was:
| /* confdefs.h */
| #define PACKAGE_NAME "KLEE"
| #define PACKAGE_TARNAME "klee-"
| #define PACKAGE_VERSION "1.0.0"
| #define PACKAGE_STRING "KLEE 1.0.0"
| #define PACKAGE_BUGREPORT "klee-dev@imperial.ac.uk"
| #define PACKAGE_URL "https://klee.github.io"
| #define LLVM_VERSION_MAJOR 3
| #define LLVM_VERSION_MINOR 4
| #define LLVM_IS_RELEASE 1
| #define ENABLE_KLEE_DEBUG 1
| #define SUPPORT_KLEE_UCLIBC 1
| #define RUNTIME_CONFIGURATION "Release+Asserts"
| #define HAVE_CTYPE_EXTERNALS 1
| #define STDC_HEADERS 1
| #define HAVE_SYS_TYPES_H 1
| #define HAVE_SYS_STAT_H 1
| #define HAVE_STDLIB_H 1
| #define HAVE_STRING_H 1
| #define HAVE_MEMORY_H 1
| #define HAVE_STRINGS_H 1
| #define HAVE_INTTYPES_H 1
| #define HAVE_STDINT_H 1
| #define HAVE_UNISTD_H 1
| #define HAVE_SYS_CAPABILITY_H 1
| #define HAVE_MALLINFO 1
| /* end confdefs.h.  */
| 
| /* Override any GCC internal prototype to avoid an error.
|    Use char because int might match the return type of a GCC
|    builtin and then its argument prototype would still apply.  */
| #ifdef __cplusplus
| extern "C"
| #endif
| char vc_setInterfaceFlags ();
| int
| main ()
| {
| return vc_setInterfaceFlags ();
|   ;
|   return 0;
| }
configure:4938: result: no
configure:4949: result: Could not link with libstp
configure:4959: checking for vc_setInterfaceFlags in -lstp
configure:4984: g++ -o conftest -g -O2   conftest.cpp -lstp  -lminisat   >&5
configure:4984: $? = 0
configure:4993: result: yes
configure:5230: creating ./config.status

## ---------------------- ##
## Running config.status. ##
## ---------------------- ##

This file was extended by KLEE config.status 1.0.0, which was
generated by GNU Autoconf 2.69.  Invocation command line was

  CONFIG_FILES    = 
  CONFIG_HEADERS  = 
  CONFIG_LINKS    = 
  CONFIG_COMMANDS = 
  $ ./config.status 

on HP-ProDesk-Ivan

config.status:873: creating Makefile.config
config.status:873: creating docs/doxygen.cfg
config.status:873: creating include/klee/Config/config.h
config.status:1057: executing setup commands
config.status:1057: executing Makefile commands
config.status:1057: executing Makefile.common commands
config.status:1057: executing lib/Makefile commands
config.status:1057: executing runtime/Makefile commands
config.status:1057: executing test/Makefile commands
config.status:1057: executing test/Makefile.tests commands
config.status:1057: executing test/Concrete/Makefile commands
config.status:1057: executing tools/Makefile commands
config.status:1057: executing unittests/Makefile commands

## ---------------- ##
## Cache variables. ##
## ---------------- ##

ac_cv_build=x86_64-unknown-linux-gnu
ac_cv_c_compiler_gnu=yes
ac_cv_cxx_compiler_gnu=yes
ac_cv_env_CCC_set=
ac_cv_env_CCC_value=
ac_cv_env_CC_set=set
ac_cv_env_CC_value=gcc
ac_cv_env_CFLAGS_set=
ac_cv_env_CFLAGS_value=
ac_cv_env_CPPFLAGS_set=
ac_cv_env_CPPFLAGS_value=
ac_cv_env_CPP_set=
ac_cv_env_CPP_value=
ac_cv_env_CXXCPP_set=
ac_cv_env_CXXCPP_value=
ac_cv_env_CXXFLAGS_set=
ac_cv_env_CXXFLAGS_value=
ac_cv_env_CXX_set=set
ac_cv_env_CXX_value=g++
ac_cv_env_LDFLAGS_set=
ac_cv_env_LDFLAGS_value=
ac_cv_env_LIBS_set=
ac_cv_env_LIBS_value=
ac_cv_env_build_alias_set=
ac_cv_env_build_alias_value=
ac_cv_env_host_alias_set=
ac_cv_env_host_alias_value=
ac_cv_env_target_alias_set=
ac_cv_env_target_alias_value=
ac_cv_func_malloc_zone_statistics=no
ac_cv_header_inttypes_h=yes
ac_cv_header_malloc_malloc_h=no
ac_cv_header_memory_h=yes
ac_cv_header_selinux_selinux_h=no
ac_cv_header_stdc=yes
ac_cv_header_stdint_h=yes
ac_cv_header_stdlib_h=yes
ac_cv_header_stp_c_interface_h=yes
ac_cv_header_string_h=yes
ac_cv_header_strings_h=yes
ac_cv_header_sys_acl_h=no
ac_cv_header_sys_capability_h=yes
ac_cv_header_sys_stat_h=yes
ac_cv_header_sys_types_h=yes
ac_cv_header_unistd_h=yes
ac_cv_host=x86_64-unknown-linux-gnu
ac_cv_lib_cap_cap_get_proc=yes
ac_cv_lib_stp_vc_setInterfaceFlags=yes
ac_cv_objext=o
ac_cv_path_EGREP='/bin/grep -E'
ac_cv_path_GREP=/bin/grep
ac_cv_prog_CPP='gcc -E'
ac_cv_prog_CXXCPP='g++ -E'
ac_cv_prog_cc_c89=
ac_cv_prog_cc_g=yes
ac_cv_prog_cxx_g=yes
ac_cv_search_mallinfo='none required'
ac_cv_target=x86_64-unknown-linux-gnu

## ----------------- ##
## Output variables. ##
## ----------------- ##

CC='gcc'
CFLAGS='-g -O2'
CPP='gcc -E'
CPPFLAGS=''
CXX='g++'
CXXCPP='g++ -E'
CXXFLAGS='-g -O2'
DEFS='-DHAVE_CONFIG_H'
ECHO_C=''
ECHO_N='-n'
ECHO_T=''
EGREP='/bin/grep -E'
ENABLE_METASMT='0'
ENABLE_POSIX_RUNTIME='1'
ENABLE_UCLIBC='1'
EXEEXT=''
GREP='/bin/grep'
HAVE_SELINUX='0'
KLEE_BITCODE_CXX_COMPILER='/home/ivan/Workspaces/llvm-3.4/Release+Asserts/bin/clang++'
KLEE_BITCODE_C_COMPILER='/home/ivan/Workspaces/llvm-3.4/Release+Asserts/bin/clang'
KLEE_HOST_CXX_COMPILER='g++'
KLEE_HOST_C_COMPILER='gcc'
KLEE_UCLIBC_BCA='/home/ivan/Workspaces/klee-uclibc/lib/libc.a'
KLEE_USE_CXX11='0'
LDFLAGS=''
LIBOBJS=''
LIBS='-lstp '
LLVM_BUILD_MODE='Release+Asserts'
LLVM_IS_RELEASE='1'
LLVM_OBJ='/home/ivan/Workspaces/llvm-3.4'
LLVM_SRC='/home/ivan/Workspaces/llvm-3.4'
LLVM_VERSION_MAJOR='3'
LLVM_VERSION_MINOR='4'
LTLIBOBJS=''
METASMT_ROOT=''
OBJEXT='o'
PACKAGE_BUGREPORT='klee-dev@imperial.ac.uk'
PACKAGE_NAME='KLEE'
PACKAGE_STRING='KLEE 1.0.0'
PACKAGE_TARNAME='klee-'
PACKAGE_URL='https://klee.github.io'
PACKAGE_VERSION='1.0.0'
PATH_SEPARATOR=':'
REQUIRES_RTTI='0'
RUNTIME_CONFIGURATION=''
RUNTIME_DEBUG_SYMBOLS=''
RUNTIME_DISABLE_ASSERTIONS='0'
RUNTIME_ENABLE_OPTIMIZED='1'
SHELL='/bin/bash'
STP_CFLAGS=''
STP_LDFLAGS=' -lstp -lminisat'
ac_ct_CC=''
ac_ct_CXX=''
bindir='${exec_prefix}/bin'
build='x86_64-unknown-linux-gnu'
build_alias=''
build_cpu='x86_64'
build_os='linux-gnu'
build_vendor='unknown'
clang=''
clang_cxx=''
datadir='${datarootdir}'
datarootdir='${prefix}/share'
docdir='${datarootdir}/doc/${PACKAGE_TARNAME}'
dvidir='${docdir}'
exec_prefix='${prefix}'
host='x86_64-unknown-linux-gnu'
host_alias=''
host_cpu='x86_64'
host_os='linux-gnu'
host_vendor='unknown'
htmldir='${docdir}'
includedir='${prefix}/include'
infodir='${datarootdir}/info'
libdir='${exec_prefix}/lib'
libexecdir='${exec_prefix}/libexec'
llvm_gcc=''
llvm_gxx=''
localedir='${datarootdir}/locale'
localstatedir='${prefix}/var'
mandir='${datarootdir}/man'
oldincludedir='/usr/include'
pdfdir='${docdir}'
prefix='/usr/local'
program_transform_name='s,x,x,'
psdir='${docdir}'
sbindir='${exec_prefix}/sbin'
sharedstatedir='${prefix}/com'
sysconfdir='${prefix}/etc'
target='x86_64-unknown-linux-gnu'
target_alias=''
target_cpu='x86_64'
target_os='linux-gnu'
target_vendor='unknown'

## ----------- ##
## confdefs.h. ##
## ----------- ##

/* confdefs.h */
#define PACKAGE_NAME "KLEE"
#define PACKAGE_TARNAME "klee-"
#define PACKAGE_VERSION "1.0.0"
#define PACKAGE_STRING "KLEE 1.0.0"
#define PACKAGE_BUGREPORT "klee-dev@imperial.ac.uk"
#define PACKAGE_URL "https://klee.github.io"
#define LLVM_VERSION_MAJOR 3
#define LLVM_VERSION_MINOR 4
#define LLVM_IS_RELEASE 1
#define ENABLE_KLEE_DEBUG 1
#define SUPPORT_KLEE_UCLIBC 1
#define RUNTIME_CONFIGURATION "Release+Asserts"
#define HAVE_CTYPE_EXTERNALS 1
#define STDC_HEADERS 1
#define HAVE_SYS_TYPES_H 1
#define HAVE_SYS_STAT_H 1
#define HAVE_STDLIB_H 1
#define HAVE_STRING_H 1
#define HAVE_MEMORY_H 1
#define HAVE_STRINGS_H 1
#define HAVE_INTTYPES_H 1
#define HAVE_STDINT_H 1
#define HAVE_UNISTD_H 1
#define HAVE_SYS_CAPABILITY_H 1
#define HAVE_MALLINFO 1
#define HAVE_LIBSTP 1

configure: exit 0
